<?xml version="1.0" encoding="UTF-8"?>
<!-- Generated by org.testng.reporters.JUnitReportReporter -->
<testsuite skipped="0" hostname="amw-g1" name="com.herokuapp.qa.tests.LogoutPageTest" tests="1" failures="0" timestamp="09 Sep 2019 09:51:08 GMT" time="23.421" errors="0">
  <testcase name="clicklogout" time="23.421" classname="com.herokuapp.qa.tests.LogoutPageTest"/>
</testsuite> <!-- com.herokuapp.qa.tests.LogoutPageTest -->
