<?xml version="1.0" encoding="UTF-8"?>
<!-- Generated by org.testng.reporters.JUnitReportReporter -->
<testsuite skipped="0" hostname="amw-g1" name="com.herokuapp.qa.tests.HomePageTest" tests="2" failures="0" timestamp="09 Sep 2019 09:51:08 GMT" time="35.501" errors="0">
  <testcase name="verifyHomePageTitle" time="18.757" classname="com.herokuapp.qa.tests.HomePageTest"/>
  <testcase name="VerifyUserProfileName" time="16.744" classname="com.herokuapp.qa.tests.HomePageTest"/>
</testsuite> <!-- com.herokuapp.qa.tests.HomePageTest -->
