<?xml version="1.0" encoding="UTF-8"?>
<!-- Generated by org.testng.reporters.JUnitReportReporter -->
<testsuite skipped="0" hostname="amw-g1" name="com.herokuapp.qa.tests.LoginPageTest" tests="2" failures="0" timestamp="09 Sep 2019 09:51:08 GMT" time="48.478" errors="0">
  <testcase name="verifyloginpagetitle" time="11.429" classname="com.herokuapp.qa.tests.LoginPageTest"/>
  <testcase name="login" time="37.049" classname="com.herokuapp.qa.tests.LoginPageTest"/>
</testsuite> <!-- com.herokuapp.qa.tests.LoginPageTest -->
