<?xml version="1.0" encoding="UTF-8"?>
<!-- Generated by org.testng.reporters.JUnitReportReporter -->
<testsuite skipped="0" hostname="amw-g1" name="com.herokuapp.qa.tests.EditProfilePageTest" tests="2" failures="0" timestamp="09 Sep 2019 09:51:08 GMT" time="49.991" errors="0">
  <testcase name="update" time="26.867" classname="com.herokuapp.qa.tests.EditProfilePageTest"/>
  <testcase name="verify_updated_data" time="23.124" classname="com.herokuapp.qa.tests.EditProfilePageTest"/>
</testsuite> <!-- com.herokuapp.qa.tests.EditProfilePageTest -->
